# JRE version: OpenJDK Runtime Environment (8.0_202-b03) (build 1.8.0_202-release-1483-b03)
# Java VM: OpenJDK 64-Bit Server VM (25.202-b03 mixed mode windows-amd64 compressed oops)
Heap:
 PSYoungGen      total 460800K, used 386625K [0x00000000e0000000, 0x00000000ff500000, 0x0000000100000000)
  eden space 405504K, 92% used [0x00000000e0000000,0x00000000f6d24668,0x00000000f8c00000)
  from space 55296K, 23% used [0x00000000fbe80000,0x00000000fcaec150,0x00000000ff480000)
  to   space 51712K, 0% used [0x00000000f8c00000,0x00000000f8c00000,0x00000000fbe80000)
 ParOldGen       total 440832K, used 409534K [0x00000000a0000000, 0x00000000bae80000, 0x00000000e0000000)
  object space 440832K, 92% used [0x00000000a0000000,0x00000000b8fefac8,0x00000000bae80000)
 Metaspace       used 116089K, capacity 122700K, committed 124288K, reserved 1159168K
  class space    used 14001K, capacity 15134K, committed 15488K, reserved 1048576K
GC Heap History (10 events):
Event: 8774.189 GC heap before
{Heap before GC invocations=155 (full 7):
 PSYoungGen      total 428544K, used 361616K [0x00000000e0000000, 0x00000000ff380000, 0x0000000100000000)
  eden space 352256K, 100% used [0x00000000e0000000,0x00000000f5800000,0x00000000f5800000)
  from space 76288K, 12% used [0x00000000f5800000,0x00000000f6124170,0x00000000fa280000)
  to   space 72192K, 0% used [0x00000000fad00000,0x00000000fad00000,0x00000000ff380000)
 ParOldGen       total 440832K, used 355015K [0x00000000a0000000, 0x00000000bae80000, 0x00000000e0000000)
  object space 440832K, 80% used [0x00000000a0000000,0x00000000b5ab1d08,0x00000000bae80000)
 Metaspace       used 116069K, capacity 122700K, committed 124288K, reserved 1159168K
  class space    used 14000K, capacity 15134K, committed 15488K, reserved 1048576K
Event: 8774.231 GC heap after
Heap after GC invocations=155 (full 7):
 PSYoungGen      total 443392K, used 10848K [0x00000000e0000000, 0x00000000ff300000, 0x0000000100000000)
  eden space 371712K, 0% used [0x00000000e0000000,0x00000000e0000000,0x00000000f6b00000)
  from space 71680K, 15% used [0x00000000fad00000,0x00000000fb798010,0x00000000ff300000)
  to   space 67584K, 0% used [0x00000000f6b00000,0x00000000f6b00000,0x00000000fad00000)
 ParOldGen       total 440832K, used 364190K [0x00000000a0000000, 0x00000000bae80000, 0x00000000e0000000)
  object space 440832K, 82% used [0x00000000a0000000,0x00000000b63a7bf8,0x00000000bae80000)
 Metaspace       used 116069K, capacity 122700K, committed 124288K, reserved 1159168K
  class space    used 14000K, capacity 15134K, committed 15488K, reserved 1048576K
}
Event: 8774.846 GC heap before
{Heap before GC invocations=156 (full 7):
 PSYoungGen      total 443392K, used 382560K [0x00000000e0000000, 0x00000000ff300000, 0x0000000100000000)
  eden space 371712K, 100% used [0x00000000e0000000,0x00000000f6b00000,0x00000000f6b00000)
  from space 71680K, 15% used [0x00000000fad00000,0x00000000fb798010,0x00000000ff300000)
  to   space 67584K, 0% used [0x00000000f6b00000,0x00000000f6b00000,0x00000000fad00000)
 ParOldGen       total 440832K, used 364190K [0x00000000a0000000, 0x00000000bae80000, 0x00000000e0000000)
  object space 440832K, 82% used [0x00000000a0000000,0x00000000b63a7bf8,0x00000000bae80000)
 Metaspace       used 116074K, capacity 122700K, committed 124288K, reserved 1159168K
  class space    used 14000K, capacity 15134K, committed 15488K, reserved 1048576K
Event: 8774.998 GC heap after
Heap after GC invocations=156 (full 7):
 PSYoungGen      total 439296K, used 14216K [0x00000000e0000000, 0x00000000ff300000, 0x0000000100000000)
  eden space 371712K, 0% used [0x00000000e0000000,0x00000000e0000000,0x00000000f6b00000)
  from space 67584K, 21% used [0x00000000f6b00000,0x00000000f78e22b8,0x00000000fad00000)
  to   space 62976K, 0% used [0x00000000fb580000,0x00000000fb580000,0x00000000ff300000)
 ParOldGen       total 440832K, used 374752K [0x00000000a0000000, 0x00000000bae80000, 0x00000000e0000000)
  object space 440832K, 85% used [0x00000000a0000000,0x00000000b6df80d0,0x00000000bae80000)
 Metaspace       used 116074K, capacity 122700K, committed 124288K, reserved 1159168K
  class space    used 14000K, capacity 15134K, committed 15488K, reserved 1048576K
}
Event: 8776.030 GC heap before
{Heap before GC invocations=157 (full 7):
 PSYoungGen      total 439296K, used 385928K [0x00000000e0000000, 0x00000000ff300000, 0x0000000100000000)
  eden space 371712K, 100% used [0x00000000e0000000,0x00000000f6b00000,0x00000000f6b00000)
  from space 67584K, 21% used [0x00000000f6b00000,0x00000000f78e22b8,0x00000000fad00000)
  to   space 62976K, 0% used [0x00000000fb580000,0x00000000fb580000,0x00000000ff300000)
 ParOldGen       total 440832K, used 374752K [0x00000000a0000000, 0x00000000bae80000, 0x00000000e0000000)
  object space 440832K, 85% used [0x00000000a0000000,0x00000000b6df80d0,0x00000000bae80000)
 Metaspace       used 116075K, capacity 122700K, committed 124288K, reserved 1159168K
  class space    used 14000K, capacity 15134K, committed 15488K, reserved 1048576K
Event: 8776.116 GC heap after
Heap after GC invocations=157 (full 7):
 PSYoungGen      total 451584K, used 11232K [0x00000000e0000000, 0x00000000ff480000, 0x0000000100000000)
  eden space 388608K, 0% used [0x00000000e0000000,0x00000000e0000000,0x00000000f7b80000)
  from space 62976K, 17% used [0x00000000fb580000,0x00000000fc078000,0x00000000ff300000)
  to   space 59392K, 0% used [0x00000000f7b80000,0x00000000f7b80000,0x00000000fb580000)
 ParOldGen       total 440832K, used 387497K [0x00000000a0000000, 0x00000000bae80000, 0x00000000e0000000)
  object space 440832K, 87% used [0x00000000a0000000,0x00000000b7a6a6c0,0x00000000bae80000)
 Metaspace       used 116075K, capacity 122700K, committed 124288K, reserved 1159168K
  class space    used 14000K, capacity 15134K, committed 15488K, reserved 1048576K
}
Event: 8776.910 GC heap before
{Heap before GC invocations=158 (full 7):
 PSYoungGen      total 451584K, used 399840K [0x00000000e0000000, 0x00000000ff480000, 0x0000000100000000)
  eden space 388608K, 100% used [0x00000000e0000000,0x00000000f7b80000,0x00000000f7b80000)
  from space 62976K, 17% used [0x00000000fb580000,0x00000000fc078000,0x00000000ff300000)
  to   space 59392K, 0% used [0x00000000f7b80000,0x00000000f7b80000,0x00000000fb580000)
 ParOldGen       total 440832K, used 387497K [0x00000000a0000000, 0x00000000bae80000, 0x00000000e0000000)
  object space 440832K, 87% used [0x00000000a0000000,0x00000000b7a6a6c0,0x00000000bae80000)
 Metaspace       used 116079K, capacity 122700K, committed 124288K, reserved 1159168K
  class space    used 14000K, capacity 15134K, committed 15488K, reserved 1048576K
Event: 8776.942 GC heap after
Heap after GC invocations=158 (full 7):
 PSYoungGen      total 448000K, used 13344K [0x00000000e0000000, 0x00000000ff480000, 0x0000000100000000)
  eden space 388608K, 0% used [0x00000000e0000000,0x00000000e0000000,0x00000000f7b80000)
  from space 59392K, 22% used [0x00000000f7b80000,0x00000000f8888020,0x00000000fb580000)
  to   space 55296K, 0% used [0x00000000fbe80000,0x00000000fbe80000,0x00000000ff480000)
 ParOldGen       total 440832K, used 398444K [0x00000000a0000000, 0x00000000bae80000, 0x00000000e0000000)
  object space 440832K, 90% used [0x00000000a0000000,0x00000000b851b2b0,0x00000000bae80000)
 Metaspace       used 116079K, capacity 122700K, committed 124288K, reserved 1159168K
  class space    used 14000K, capacity 15134K, committed 15488K, reserved 1048576K
}
Event: 8777.828 GC heap before
{Heap before GC invocations=159 (full 7):
 PSYoungGen      total 448000K, used 401952K [0x00000000e0000000, 0x00000000ff480000, 0x0000000100000000)
  eden space 388608K, 100% used [0x00000000e0000000,0x00000000f7b80000,0x00000000f7b80000)
  from space 59392K, 22% used [0x00000000f7b80000,0x00000000f8888020,0x00000000fb580000)
  to   space 55296K, 0% used [0x00000000fbe80000,0x00000000fbe80000,0x00000000ff480000)
 ParOldGen       total 440832K, used 398444K [0x00000000a0000000, 0x00000000bae80000, 0x00000000e0000000)
  object space 440832K, 90% used [0x00000000a0000000,0x00000000b851b2b0,0x00000000bae80000)
 Metaspace       used 116084K, capacity 122700K, committed 124288K, reserved 1159168K
  class space    used 14001K, capacity 15134K, committed 15488K, reserved 1048576K
Event: 8778.232 GC heap after
Heap after GC invocations=159 (full 7):
 PSYoungGen      total 460800K, used 12720K [0x00000000e0000000, 0x00000000ff500000, 0x0000000100000000)
  eden space 405504K, 0% used [0x00000000e0000000,0x00000000e0000000,0x00000000f8c00000)
  from space 55296K, 23% used [0x00000000fbe80000,0x00000000fcaec150,0x00000000ff480000)
  to   space 51712K, 0% used [0x00000000f8c00000,0x00000000f8c00000,0x00000000fbe80000)
 ParOldGen       total 440832K, used 409534K [0x00000000a0000000, 0x00000000bae80000, 0x00000000e0000000)
  object space 440832K, 92% used [0x00000000a0000000,0x00000000b8fefac8,0x00000000bae80000)
 Metaspace       used 116084K, capacity 122700K, committed 124288K, reserved 1159168K
  class space    used 14001K, capacity 15134K, committed 15488K, reserved 1048576K
}

